[2025-04-15 23:19:06] [INFO] Démarrage de la page notifications
Data: Array
(
    [session_id] => ou4cjf1qdm7578hervvdupr2mn
    [user_id] => 16
)

[2025-04-15 23:19:06] [INFO] Connexion à la base de données réussie
[2025-04-15 23:19:06] [INFO] État des tables de la base de données
Data: Array
(
    [register] => Array
        (
            [exists] => 1
            [count] => 7
        )

    [audio] => Array
        (
            [exists] => 1
            [count] => 38
        )

    [comments] => Array
        (
            [exists] => 1
            [count] => 18
        )

    [shares] => Array
        (
            [exists] => 1
            [count] => 5
        )

)

[2025-04-15 23:19:06] [INFO] Début de la récupération des notifications
Data: Array
(
    [user_id] => 16
)

[2025-04-15 23:19:06] [INFO] Utilisateur trouvé
Data: Array
(
    [user] => Array
        (
            [id] => 16
            [nom_prenoms] => josée
        )

)

[2025-04-15 23:19:06] [INFO] Nombre d'audios trouvés
Data: Array
(
    [count] => 1
)

[2025-04-15 23:19:09] [INFO] Démarrage de la page notifications
Data: Array
(
    [session_id] => ou4cjf1qdm7578hervvdupr2mn
    [user_id] => 16
)

[2025-04-15 23:19:09] [INFO] Connexion à la base de données réussie
[2025-04-15 23:19:09] [INFO] État des tables de la base de données
Data: Array
(
    [register] => Array
        (
            [exists] => 1
            [count] => 7
        )

    [audio] => Array
        (
            [exists] => 1
            [count] => 38
        )

    [comments] => Array
        (
            [exists] => 1
            [count] => 18
        )

    [shares] => Array
        (
            [exists] => 1
            [count] => 5
        )

)

[2025-04-15 23:19:09] [INFO] Début de la récupération des notifications
Data: Array
(
    [user_id] => 16
)

[2025-04-15 23:19:09] [INFO] Utilisateur trouvé
Data: Array
(
    [user] => Array
        (
            [id] => 16
            [nom_prenoms] => josée
        )

)

[2025-04-15 23:19:09] [INFO] Nombre d'audios trouvés
Data: Array
(
    [count] => 1
)

[2025-04-15 23:19:30] [INFO] Démarrage de la page notifications
Data: Array
(
    [session_id] => ou4cjf1qdm7578hervvdupr2mn
    [user_id] => 16
)

[2025-04-15 23:19:30] [INFO] Connexion à la base de données réussie
[2025-04-15 23:19:30] [INFO] État des tables de la base de données
Data: Array
(
    [register] => Array
        (
            [exists] => 1
            [count] => 7
        )

    [audio] => Array
        (
            [exists] => 1
            [count] => 38
        )

    [comments] => Array
        (
            [exists] => 1
            [count] => 18
        )

    [shares] => Array
        (
            [exists] => 1
            [count] => 5
        )

)

[2025-04-15 23:19:30] [INFO] Début de la récupération des notifications
Data: Array
(
    [user_id] => 16
)

[2025-04-15 23:19:30] [INFO] Utilisateur trouvé
Data: Array
(
    [user] => Array
        (
            [id] => 16
            [nom_prenoms] => josée
        )

)

[2025-04-15 23:19:30] [INFO] Nombre d'audios trouvés
Data: Array
(
    [count] => 1
)

[2025-04-15 23:20:10] [INFO] Démarrage de la page notifications
Data: Array
(
    [session_id] => ou4cjf1qdm7578hervvdupr2mn
    [user_id] => 16
)

[2025-04-15 23:20:10] [INFO] Connexion à la base de données réussie
[2025-04-15 23:20:10] [INFO] État des tables de la base de données
Data: Array
(
    [register] => Array
        (
            [exists] => 1
            [count] => 7
        )

    [audio] => Array
        (
            [exists] => 1
            [count] => 38
        )

    [comments] => Array
        (
            [exists] => 1
            [count] => 18
        )

    [shares] => Array
        (
            [exists] => 1
            [count] => 5
        )

)

[2025-04-15 23:20:10] [INFO] Début de la récupération des notifications
Data: Array
(
    [user_id] => 16
)

[2025-04-15 23:20:10] [INFO] Utilisateur trouvé
Data: Array
(
    [user] => Array
        (
            [id] => 16
            [nom_prenoms] => josée
        )

)

[2025-04-15 23:20:10] [INFO] Nombre d'audios trouvés
Data: Array
(
    [count] => 1
)

[2025-04-15 23:20:12] [INFO] Démarrage de la page notifications
Data: Array
(
    [session_id] => ou4cjf1qdm7578hervvdupr2mn
    [user_id] => 16
)

[2025-04-15 23:20:12] [INFO] Connexion à la base de données réussie
[2025-04-15 23:20:12] [INFO] État des tables de la base de données
Data: Array
(
    [register] => Array
        (
            [exists] => 1
            [count] => 7
        )

    [audio] => Array
        (
            [exists] => 1
            [count] => 38
        )

    [comments] => Array
        (
            [exists] => 1
            [count] => 18
        )

    [shares] => Array
        (
            [exists] => 1
            [count] => 5
        )

)

[2025-04-15 23:20:12] [INFO] Début de la récupération des notifications
Data: Array
(
    [user_id] => 16
)

[2025-04-15 23:20:12] [INFO] Utilisateur trouvé
Data: Array
(
    [user] => Array
        (
            [id] => 16
            [nom_prenoms] => josée
        )

)

[2025-04-15 23:20:12] [INFO] Nombre d'audios trouvés
Data: Array
(
    [count] => 1
)

